  T1.cpp
  T2.cpp
  T3.cpp
  Создание кода...
C:\Users\lilsh\source\repos\BOP2\BOP2\T3.cpp(6,9): error C2059: синтаксическая ошибка: ,
C:\Users\lilsh\source\repos\BOP2\BOP2\T3.cpp(8,10): error C2065: x: необъявленный идентификатор
C:\Users\lilsh\source\repos\BOP2\BOP2\T3.cpp(8,17): error C2065: x: необъявленный идентификатор
C:\Users\lilsh\source\repos\BOP2\BOP2\T3.cpp(8,25): error C2065: x: необъявленный идентификатор
C:\Users\lilsh\source\repos\BOP2\BOP2\T3.cpp(9,14): error C2065: y: необъявленный идентификатор
C:\Users\lilsh\source\repos\BOP2\BOP2\T3.cpp(9,21): error C2065: y: необъявленный идентификатор
C:\Users\lilsh\source\repos\BOP2\BOP2\T3.cpp(9,29): error C2065: y: необъявленный идентификатор
C:\Users\lilsh\source\repos\BOP2\BOP2\T3.cpp(10,18): error C2065: z: необъявленный идентификатор
C:\Users\lilsh\source\repos\BOP2\BOP2\T3.cpp(10,25): error C2065: z: необъявленный идентификатор
C:\Users\lilsh\source\repos\BOP2\BOP2\T3.cpp(10,33): error C2065: z: необъявленный идентификатор
C:\Users\lilsh\source\repos\BOP2\BOP2\T3.cpp(11,22): error C2065: w: необъявленный идентификатор
C:\Users\lilsh\source\repos\BOP2\BOP2\T3.cpp(11,29): error C2065: w: необъявленный идентификатор
C:\Users\lilsh\source\repos\BOP2\BOP2\T3.cpp(11,37): error C2065: w: необъявленный идентификатор
C:\Users\lilsh\source\repos\BOP2\BOP2\T3.cpp(12,26): error C2065: x: необъявленный идентификатор
C:\Users\lilsh\source\repos\BOP2\BOP2\T3.cpp(12,31): error C2065: y: необъявленный идентификатор
C:\Users\lilsh\source\repos\BOP2\BOP2\T3.cpp(12,38): error C2065: y: необъявленный идентификатор
C:\Users\lilsh\source\repos\BOP2\BOP2\T3.cpp(12,43): error C2065: z: необъявленный идентификатор
C:\Users\lilsh\source\repos\BOP2\BOP2\T3.cpp(12,49): error C2065: y: необъявленный идентификатор
C:\Users\lilsh\source\repos\BOP2\BOP2\T3.cpp(12,53): error C2065: w: необъявленный идентификатор
C:\Users\lilsh\source\repos\BOP2\BOP2\T3.cpp(13,25): error C2065: f: необъявленный идентификатор
C:\Users\lilsh\source\repos\BOP2\BOP2\T3.cpp(16,25): error C2065: f: необъявленный идентификатор
C:\Users\lilsh\source\repos\BOP2\BOP2\T3.cpp(18,29): error C2065: f: необъявленный идентификатор
C:\Users\lilsh\source\repos\BOP2\BOP2\T3.cpp(18,41): error C2065: x: необъявленный идентификатор
C:\Users\lilsh\source\repos\BOP2\BOP2\T3.cpp(18,53): error C2065: y: необъявленный идентификатор
C:\Users\lilsh\source\repos\BOP2\BOP2\T3.cpp(18,65): error C2065: z: необъявленный идентификатор
C:\Users\lilsh\source\repos\BOP2\BOP2\T3.cpp(18,77): error C2065: w: необъявленный идентификатор
